This is pdfTeX, Version 3.141592653-2.6-1.40.25 (TeX Live 2023) (preloaded format=pdflatex 2026.3.31)  31 MAR 2026 23:50
entering extended mode
 restricted \write18 enabled.
 file:line:error style messages enabled.
 %&-line parsing enabled.
**/home/heitor/Documentos/projetos/MBA/01_estatistica/MBA-01-estatistica-projet
o_final/heitor_teixeira-titanic

(/home/heitor/Documentos/projetos/MBA/01_estatistica/MBA-01-estatistica-projeto
_final/heitor_teixeira-titanic.tex
LaTeX2e <2022-11-01> patch level 1
L3 programming layer <2023-02-22>
(/usr/share/texlive/texmf-dist/tex/latex/ieeetran/IEEEtran.cls
Document Class: IEEEtran 2015/08/26 V1.8b by Michael Shell
-- See the "IEEEtran_HOWTO" manual for usage information.
-- http://www.michaelshell.org/tex/ieeetran/
\@IEEEtrantmpdimenA=\dimen140
\@IEEEtrantmpdimenB=\dimen141
\@IEEEtrantmpdimenC=\dimen142
\@IEEEtrantmpcountA=\count185
\@IEEEtrantmpcountB=\count186
\@IEEEtrantmpcountC=\count187
\@IEEEtrantmptoksA=\toks16
LaTeX Font Info:    Trying to load font information for OT1+ptm on input line 5
03.
(/usr/share/texlive/texmf-dist/tex/latex/psnfss/ot1ptm.fd
File: ot1ptm.fd 2001/06/04 font definitions for OT1/ptm.
)
-- Using 8.5in x 11in (letter) paper.
-- Using PDF output.
\@IEEEnormalsizeunitybaselineskip=\dimen143
-- This is a 10 point document.
\CLASSINFOnormalsizebaselineskip=\dimen144
\CLASSINFOnormalsizeunitybaselineskip=\dimen145
\IEEEnormaljot=\dimen146
LaTeX Font Info:    Font shape `OT1/ptm/bx/n' in size <5> not available
(Font)              Font shape `OT1/ptm/b/n' tried instead on input line 1090.
LaTeX Font Info:    Font shape `OT1/ptm/bx/it' in size <5> not available
(Font)              Font shape `OT1/ptm/b/it' tried instead on input line 1090.

LaTeX Font Info:    Font shape `OT1/ptm/bx/n' in size <7> not available
(Font)              Font shape `OT1/ptm/b/n' tried instead on input line 1090.
LaTeX Font Info:    Font shape `OT1/ptm/bx/it' in size <7> not available
(Font)              Font shape `OT1/ptm/b/it' tried instead on input line 1090.

LaTeX Font Info:    Font shape `OT1/ptm/bx/n' in size <8> not available
(Font)              Font shape `OT1/ptm/b/n' tried instead on input line 1090.
LaTeX Font Info:    Font shape `OT1/ptm/bx/it' in size <8> not available
(Font)              Font shape `OT1/ptm/b/it' tried instead on input line 1090.

LaTeX Font Info:    Font shape `OT1/ptm/bx/n' in size <9> not available
(Font)              Font shape `OT1/ptm/b/n' tried instead on input line 1090.
LaTeX Font Info:    Font shape `OT1/ptm/bx/it' in size <9> not available
(Font)              Font shape `OT1/ptm/b/it' tried instead on input line 1090.

LaTeX Font Info:    Font shape `OT1/ptm/bx/n' in size <10> not available
(Font)              Font shape `OT1/ptm/b/n' tried instead on input line 1090.
LaTeX Font Info:    Font shape `OT1/ptm/bx/it' in size <10> not available
(Font)              Font shape `OT1/ptm/b/it' tried instead on input line 1090.

LaTeX Font Info:    Font shape `OT1/ptm/bx/n' in size <11> not available
(Font)              Font shape `OT1/ptm/b/n' tried instead on input line 1090.
LaTeX Font Info:    Font shape `OT1/ptm/bx/it' in size <11> not available
(Font)              Font shape `OT1/ptm/b/it' tried instead on input line 1090.

LaTeX Font Info:    Font shape `OT1/ptm/bx/n' in size <12> not available
(Font)              Font shape `OT1/ptm/b/n' tried instead on input line 1090.
LaTeX Font Info:    Font shape `OT1/ptm/bx/it' in size <12> not available
(Font)              Font shape `OT1/ptm/b/it' tried instead on input line 1090.

LaTeX Font Info:    Font shape `OT1/ptm/bx/n' in size <17> not available
(Font)              Font shape `OT1/ptm/b/n' tried instead on input line 1090.
LaTeX Font Info:    Font shape `OT1/ptm/bx/it' in size <17> not available
(Font)              Font shape `OT1/ptm/b/it' tried instead on input line 1090.

LaTeX Font Info:    Font shape `OT1/ptm/bx/n' in size <20> not available
(Font)              Font shape `OT1/ptm/b/n' tried instead on input line 1090.
LaTeX Font Info:    Font shape `OT1/ptm/bx/it' in size <20> not available
(Font)              Font shape `OT1/ptm/b/it' tried instead on input line 1090.

LaTeX Font Info:    Font shape `OT1/ptm/bx/n' in size <24> not available
(Font)              Font shape `OT1/ptm/b/n' tried instead on input line 1090.
LaTeX Font Info:    Font shape `OT1/ptm/bx/it' in size <24> not available
(Font)              Font shape `OT1/ptm/b/it' tried instead on input line 1090.

\IEEEquantizedlength=\dimen147
\IEEEquantizedlengthdiff=\dimen148
\IEEEquantizedtextheightdiff=\dimen149
\IEEEilabelindentA=\dimen150
\IEEEilabelindentB=\dimen151
\IEEEilabelindent=\dimen152
\IEEEelabelindent=\dimen153
\IEEEdlabelindent=\dimen154
\IEEElabelindent=\dimen155
\IEEEiednormlabelsep=\dimen156
\IEEEiedmathlabelsep=\dimen157
\IEEEiedtopsep=\skip48
\c@section=\count188
\c@subsection=\count189
\c@subsubsection=\count190
\c@paragraph=\count191
\c@IEEEsubequation=\count192
\abovecaptionskip=\skip49
\belowcaptionskip=\skip50
\c@figure=\count193
\c@table=\count194
\@IEEEeqnnumcols=\count195
\@IEEEeqncolcnt=\count196
\@IEEEsubeqnnumrollback=\count197
\@IEEEquantizeheightA=\dimen158
\@IEEEquantizeheightB=\dimen159
\@IEEEquantizeheightC=\dimen160
\@IEEEquantizeprevdepth=\dimen161
\@IEEEquantizemultiple=\count198
\@IEEEquantizeboxA=\box51
\@IEEEtmpitemindent=\dimen162
\IEEEPARstartletwidth=\dimen163
\c@IEEEbiography=\count199
\@IEEEtranrubishbin=\box52
) (/usr/share/texlive/texmf-dist/tex/latex/base/inputenc.sty
Package: inputenc 2021/02/14 v1.3d Input encoding file
\inpenc@prehook=\toks17
\inpenc@posthook=\toks18
)
(/usr/share/texlive/texmf-dist/tex/latex/base/fontenc.sty
Package: fontenc 2021/04/29 v2.0v Standard LaTeX package
LaTeX Font Info:    Trying to load font information for T1+ptm on input line 11
2.

(/usr/share/texlive/texmf-dist/tex/latex/psnfss/t1ptm.fd
File: t1ptm.fd 2001/06/04 font definitions for T1/ptm.
))
(/usr/share/texlive/texmf-dist/tex/generic/babel/babel.sty
Package: babel 2023/02/13 3.86 The Babel package
\babel@savecnt=\count266
\U@D=\dimen164
\l@unhyphenated=\language48

(/usr/share/texlive/texmf-dist/tex/generic/babel/txtbabel.def)
\bbl@readstream=\read2
\bbl@dirlevel=\count267

(/usr/share/texlive/texmf-dist/tex/generic/babel-portuges/brazil.ldf
Language: portuges 2021/07/09 v1.2t Portuguese support from the babel system
Package babel Info: Hyphen rules for 'brazil' set to \l@portuguese
(babel)             (\language44). Reported on input line 111.
Package babel Info: Making " an active character on input line 143.
))
(/usr/share/texlive/texmf-dist/tex/latex/graphics/graphicx.sty
Package: graphicx 2021/09/16 v1.2d Enhanced LaTeX Graphics (DPC,SPQR)

(/usr/share/texlive/texmf-dist/tex/latex/graphics/keyval.sty
Package: keyval 2022/05/29 v1.15 key=value parser (DPC)
\KV@toks@=\toks19
)
(/usr/share/texlive/texmf-dist/tex/latex/graphics/graphics.sty
Package: graphics 2022/03/10 v1.4e Standard LaTeX Graphics (DPC,SPQR)

(/usr/share/texlive/texmf-dist/tex/latex/graphics/trig.sty
Package: trig 2021/08/11 v1.11 sin cos tan (DPC)
)
(/usr/share/texlive/texmf-dist/tex/latex/graphics-cfg/graphics.cfg
File: graphics.cfg 2016/06/04 v1.11 sample graphics configuration
)
Package graphics Info: Driver file: pdftex.def on input line 107.

(/usr/share/texlive/texmf-dist/tex/latex/graphics-def/pdftex.def
File: pdftex.def 2022/09/22 v1.2b Graphics/color driver for pdftex
))
\Gin@req@height=\dimen165
\Gin@req@width=\dimen166
)
(/usr/share/texlive/texmf-dist/tex/latex/booktabs/booktabs.sty
Package: booktabs 2020/01/12 v1.61803398 Publication quality tables
\heavyrulewidth=\dimen167
\lightrulewidth=\dimen168
\cmidrulewidth=\dimen169
\belowrulesep=\dimen170
\belowbottomsep=\dimen171
\aboverulesep=\dimen172
\abovetopsep=\dimen173
\cmidrulesep=\dimen174
\cmidrulekern=\dimen175
\defaultaddspace=\dimen176
\@cmidla=\count268
\@cmidlb=\count269
\@aboverulesep=\dimen177
\@belowrulesep=\dimen178
\@thisruleclass=\count270
\@lastruleclass=\count271
\@thisrulewidth=\dimen179
)
(/usr/share/texlive/texmf-dist/tex/latex/multirow/multirow.sty
Package: multirow 2021/03/15 v2.8 Span multiple rows of a table
\multirow@colwidth=\skip51
\multirow@cntb=\count272
\multirow@dima=\skip52
\bigstrutjot=\dimen180
)
(/usr/share/texlive/texmf-dist/tex/latex/caption/subcaption.sty
Package: subcaption 2023/02/19 v1.6 Sub-captions (AR)

(/usr/share/texlive/texmf-dist/tex/latex/caption/caption.sty
Package: caption 2023/03/12 v3.6j Customizing captions (AR)

(/usr/share/texlive/texmf-dist/tex/latex/caption/caption3.sty
Package: caption3 2023/03/12 v2.4 caption3 kernel (AR)
\caption@tempdima=\dimen181
\captionmargin=\dimen182
\caption@leftmargin=\dimen183
\caption@rightmargin=\dimen184
\caption@width=\dimen185
\caption@indent=\dimen186
\caption@parindent=\dimen187
\caption@hangindent=\dimen188
Package caption Info: Unknown document class (or package),
(caption)             standard defaults will be used.
Package caption Info: \@makecaption = \long macro:#1#2->\ifx \@captype \@IEEEta
blestring \footnotesize \bgroup \par \centering \@IEEEtabletopskipstrut {\norma
lfont \footnotesize #1}\\{\normalfont \footnotesize \scshape #2}\par \addvspace
 {0.5\baselineskip }\egroup \@IEEEtablecaptionsepspace \else \@IEEEfigurecaptio
nsepspace \setbox \@tempboxa \hbox {\normalfont \footnotesize {#1.}\nobreakspac
e \nobreakspace #2}\ifdim \wd \@tempboxa >\hsize \setbox \@tempboxa \hbox {\nor
malfont \footnotesize {#1.}\nobreakspace \nobreakspace }\parbox [t]{\hsize }{\n
ormalfont \footnotesize \noindent \unhbox \@tempboxa #2}\else \ifCLASSOPTIONcon
ference \hbox to\hsize {\normalfont \footnotesize \hfil \box \@tempboxa \hfil }
\else \hbox to\hsize {\normalfont \footnotesize \box \@tempboxa \hfil }\fi \fi 
\fi  on input line 1176.
)

Package caption Warning: Unknown document class (or package),
(caption)                standard defaults will be used.
See the caption package documentation for explanation.

\c@caption@flags=\count273
\c@continuedfloat=\count274
)
Package caption Info: New subtype `subfigure' on input line 239.
\c@subfigure=\count275
Package caption Info: New subtype `subtable' on input line 239.
\c@subtable=\count276
) (/usr/share/texlive/texmf-dist/tex/latex/amsmath/amsmath.sty
Package: amsmath 2022/04/08 v2.17n AMS math features
\@mathmargin=\skip53

For additional information on amsmath, use the `?' option.
(/usr/share/texlive/texmf-dist/tex/latex/amsmath/amstext.sty
Package: amstext 2021/08/26 v2.01 AMS text

(/usr/share/texlive/texmf-dist/tex/latex/amsmath/amsgen.sty
File: amsgen.sty 1999/11/30 v2.0 generic functions
\@emptytoks=\toks20
\ex@=\dimen189
))
(/usr/share/texlive/texmf-dist/tex/latex/amsmath/amsbsy.sty
Package: amsbsy 1999/11/29 v1.2d Bold Symbols
\pmbraise@=\dimen190
)
(/usr/share/texlive/texmf-dist/tex/latex/amsmath/amsopn.sty
Package: amsopn 2022/04/08 v2.04 operator names
)
\inf@bad=\count277
LaTeX Info: Redefining \frac on input line 234.
\uproot@=\count278
\leftroot@=\count279
LaTeX Info: Redefining \overline on input line 399.
LaTeX Info: Redefining \colon on input line 410.
\classnum@=\count280
\DOTSCASE@=\count281
LaTeX Info: Redefining \ldots on input line 496.
LaTeX Info: Redefining \dots on input line 499.
LaTeX Info: Redefining \cdots on input line 620.
\Mathstrutbox@=\box53
\strutbox@=\box54
LaTeX Info: Redefining \big on input line 722.
LaTeX Info: Redefining \Big on input line 723.
LaTeX Info: Redefining \bigg on input line 724.
LaTeX Info: Redefining \Bigg on input line 725.
\big@size=\dimen191
LaTeX Font Info:    Redeclaring font encoding OML on input line 743.
LaTeX Font Info:    Redeclaring font encoding OMS on input line 744.
\macc@depth=\count282
LaTeX Info: Redefining \bmod on input line 905.
LaTeX Info: Redefining \pmod on input line 910.
LaTeX Info: Redefining \smash on input line 940.
LaTeX Info: Redefining \relbar on input line 970.
LaTeX Info: Redefining \Relbar on input line 971.
\c@MaxMatrixCols=\count283
\dotsspace@=\muskip16
\c@parentequation=\count284
\dspbrk@lvl=\count285
\tag@help=\toks21
\row@=\count286
\column@=\count287
\maxfields@=\count288
\andhelp@=\toks22
\eqnshift@=\dimen192
\alignsep@=\dimen193
\tagshift@=\dimen194
\tagwidth@=\dimen195
\totwidth@=\dimen196
\lineht@=\dimen197
\@envbody=\toks23
\multlinegap=\skip54
\multlinetaggap=\skip55
\mathdisplay@stack=\toks24
LaTeX Info: Redefining \[ on input line 2953.
LaTeX Info: Redefining \] on input line 2954.
)
(/usr/share/texlive/texmf-dist/tex/latex/amsfonts/amssymb.sty
Package: amssymb 2013/01/14 v3.01 AMS font symbols

(/usr/share/texlive/texmf-dist/tex/latex/amsfonts/amsfonts.sty
Package: amsfonts 2013/01/14 v3.01 Basic AMSFonts support
\symAMSa=\mathgroup4
\symAMSb=\mathgroup5
LaTeX Font Info:    Redeclaring math symbol \hbar on input line 98.
LaTeX Font Info:    Overwriting math alphabet `\mathfrak' in version `bold'
(Font)                  U/euf/m/n --> U/euf/b/n on input line 106.
))
(/usr/share/texlive/texmf-dist/tex/latex/float/float.sty
Package: float 2001/11/08 v1.3d Float enhancements (AL)
\c@float@type=\count289
\float@exts=\toks25
\float@box=\box55
\@float@everytoks=\toks26
\@floatcapt=\box56
)
(/usr/share/texlive/texmf-dist/tex/latex/xcolor/xcolor.sty
Package: xcolor 2022/06/12 v2.14 LaTeX color extensions (UK)

(/usr/share/texlive/texmf-dist/tex/latex/graphics-cfg/color.cfg
File: color.cfg 2016/01/02 v1.6 sample color configuration
)
Package xcolor Info: Driver file: pdftex.def on input line 227.

(/usr/share/texlive/texmf-dist/tex/latex/graphics/mathcolor.ltx)
Package xcolor Info: Model `cmy' substituted by `cmy0' on input line 1353.
Package xcolor Info: Model `hsb' substituted by `rgb' on input line 1357.
Package xcolor Info: Model `RGB' extended on input line 1369.
Package xcolor Info: Model `HTML' substituted by `rgb' on input line 1371.
Package xcolor Info: Model `Hsb' substituted by `hsb' on input line 1372.
Package xcolor Info: Model `tHsb' substituted by `hsb' on input line 1373.
Package xcolor Info: Model `HSB' substituted by `hsb' on input line 1374.
Package xcolor Info: Model `Gray' substituted by `gray' on input line 1375.
Package xcolor Info: Model `wave' substituted by `hsb' on input line 1376.
)
(/usr/share/texlive/texmf-dist/tex/latex/fancybox/fancybox.sty
Package: fancybox 2010/05/15 1.4

Style option: `fancybox' v1.4 <2010/05/15> (tvz)
\@fancybox=\box57
\shadowsize=\dimen198
\@Sbox=\box58
\do@VerbBox=\toks27
\the@fancyput=\toks28
\this@fancyput=\toks29
\EndVerbatimTokens=\toks30
\Verbatim@Outfile=\write3
\Verbatim@Infile=\read3
) (/usr/share/texlive/texmf-dist/tex/latex/l3backend/l3backend-pdftex.def
File: l3backend-pdftex.def 2023-01-16 L3 backend support: PDF output (pdfTeX)
\l__color_backend_stack_int=\count290
\l__pdf_internal_box=\box59
)
(/home/heitor/Documentos/projetos/MBA/01_estatistica/MBA-01-estatistica-projeto
_final/build/heitor_teixeira-titanic.aux)
\openout1 = `heitor_teixeira-titanic.aux'.

LaTeX Font Info:    Checking defaults for OML/cmm/m/it on input line 42.
LaTeX Font Info:    ... okay on input line 42.
LaTeX Font Info:    Checking defaults for OMS/cmsy/m/n on input line 42.
LaTeX Font Info:    ... okay on input line 42.
LaTeX Font Info:    Checking defaults for OT1/cmr/m/n on input line 42.
LaTeX Font Info:    ... okay on input line 42.
LaTeX Font Info:    Checking defaults for T1/cmr/m/n on input line 42.
LaTeX Font Info:    ... okay on input line 42.
LaTeX Font Info:    Checking defaults for TS1/cmr/m/n on input line 42.
LaTeX Font Info:    ... okay on input line 42.
LaTeX Font Info:    Checking defaults for OMX/cmex/m/n on input line 42.
LaTeX Font Info:    ... okay on input line 42.
LaTeX Font Info:    Checking defaults for U/cmr/m/n on input line 42.
LaTeX Font Info:    ... okay on input line 42.

-- Lines per column: 56 (exact).
(/usr/share/texlive/texmf-dist/tex/context/base/mkii/supp-pdf.mkii
[Loading MPS to PDF converter (version 2006.09.02).]
\scratchcounter=\count291
\scratchdimen=\dimen199
\scratchbox=\box60
\nofMPsegments=\count292
\nofMParguments=\count293
\everyMPshowfont=\toks31
\MPscratchCnt=\count294
\MPscratchDim=\dimen256
\MPnumerator=\count295
\makeMPintoPDFobject=\count296
\everyMPtoPDFconversion=\toks32
) (/usr/share/texlive/texmf-dist/tex/latex/epstopdf-pkg/epstopdf-base.sty
Package: epstopdf-base 2020-01-24 v2.11 Base part for package epstopdf
Package epstopdf-base Info: Redefining graphics rule for `.eps' on input line 4
85.

(/usr/share/texlive/texmf-dist/tex/latex/latexconfig/epstopdf-sys.cfg
File: epstopdf-sys.cfg 2010/07/13 v1.3 Configuration of (r)epstopdf for TeX Liv
e
))
Package caption Info: Begin \AtBeginDocument code.
Package caption Info: float package is loaded.
Package caption Info: End \AtBeginDocument code.
LaTeX Font Info:    Trying to load font information for U+msa on input line 65.


(/usr/share/texlive/texmf-dist/tex/latex/amsfonts/umsa.fd
File: umsa.fd 2013/01/14 v3.01 AMS symbols A
)
LaTeX Font Info:    Trying to load font information for U+msb on input line 65.


(/usr/share/texlive/texmf-dist/tex/latex/amsfonts/umsb.fd
File: umsb.fd 2013/01/14 v3.01 AMS symbols B
) [1{/var/lib/texmf/fonts/map/pdftex/updmap/pdftex.map}{/usr/share/texlive/texm
f-dist/fonts/enc/dvips/base/8r.enc}


]
<assets/titanic/tables//table_3_2.png, id=18, 732.7375pt x 334.24875pt>
File: assets/titanic/tables//table_3_2.png Graphic file (type png)
<use assets/titanic/tables//table_3_2.png>
Package pdftex.def Info: assets/titanic/tables//table_3_2.png  used on input li
ne 172.
(pdftex.def)             Requested size: 252.0pt x 114.94872pt.
<assets/titanic/tables//table_2_2_1.png, id=20, 634.37pt x 173.64874pt>
File: assets/titanic/tables//table_2_2_1.png Graphic file (type png)
<use assets/titanic/tables//table_2_2_1.png>
Package pdftex.def Info: assets/titanic/tables//table_2_2_1.png  used on input 
line 197.
(pdftex.def)             Requested size: 226.79846pt x 62.0816pt.
LaTeX Info: Symbol \textrightarrow not provided by
            font family ptm in TS1 encoding.
            Default family used instead on input line 198.
LaTeX Info: Symbol \textrightarrow not provided by
            font family ptm in TS1 encoding.
            Default family used instead on input line 198.

Underfull \hbox (badness 1400) in paragraph at lines 198--198
[]\T1/ptm/m/n/10 Figura 2: |Com-po-si-çăo do ín-dice de cor-re-çăo mo-ne-tá-ria

 []

<assets/titanic/tables//table_2_4.png, id=21, 383.4325pt x 201.75375pt>
File: assets/titanic/tables//table_2_4.png Graphic file (type png)
<use assets/titanic/tables//table_2_4.png>
Package pdftex.def Info: assets/titanic/tables//table_2_4.png  used on input li
ne 210.
(pdftex.def)             Requested size: 163.79846pt x 86.18904pt.
<assets/titanic/tables//table_3_1.png, id=22, 766.865pt x 230.8625pt>
File: assets/titanic/tables//table_3_1.png Graphic file (type png)
<use assets/titanic/tables//table_3_1.png>
Package pdftex.def Info: assets/titanic/tables//table_3_1.png  used on input li
ne 229.
(pdftex.def)             Requested size: 252.0pt x 75.86076pt.

LaTeX Warning: Command \textsterling invalid in math mode on input line 239.

Missing character: There is no ż in font cmr10!
<assets/titanic/plots//hist_fare.png, id=23, 722.7pt x 361.35pt>
File: assets/titanic/plots//hist_fare.png Graphic file (type png)
<use assets/titanic/plots//hist_fare.png>
Package pdftex.def Info: assets/titanic/plots//hist_fare.png  used on input lin
e 253.
(pdftex.def)             Requested size: 252.0pt x 126.00021pt.
[2{/usr/share/texlive/texmf-dist/fonts/enc/dvips/cm-super/cm-super-ts1.enc} <./
assets/titanic/tables//table_3_2.png> <./assets/titanic/tables//table_2_2_1.png
> <./assets/titanic/tables//table_2_4.png> <./assets/titanic/tables//table_3_1.
png>]
<assets/titanic/plots//hist_age.png, id=33, 722.7pt x 361.35pt>
File: assets/titanic/plots//hist_age.png Graphic file (type png)
<use assets/titanic/plots//hist_age.png>
Package pdftex.def Info: assets/titanic/plots//hist_age.png  used on input line
 270.
(pdftex.def)             Requested size: 252.0pt x 126.00021pt.
<assets/titanic/plots//gender.png, id=34, 722.7pt x 361.35pt>
File: assets/titanic/plots//gender.png Graphic file (type png)
<use assets/titanic/plots//gender.png>
Package pdftex.def Info: assets/titanic/plots//gender.png  used on input line 2
90.
(pdftex.def)             Requested size: 252.0pt x 126.00021pt.

Underfull \vbox (badness 2080) has occurred while \output is active []

<assets/titanic/plots//class.png, id=35, 722.7pt x 361.35pt>
File: assets/titanic/plots//class.png Graphic file (type png)
<use assets/titanic/plots//class.png>
Package pdftex.def Info: assets/titanic/plots//class.png  used on input line 29
7.
(pdftex.def)             Requested size: 252.0pt x 126.00021pt.
<assets/titanic/plots//survival.png, id=36, 722.7pt x 361.35pt>
File: assets/titanic/plots//survival.png Graphic file (type png)
<use assets/titanic/plots//survival.png>
Package pdftex.def Info: assets/titanic/plots//survival.png  used on input line
 304.
(pdftex.def)             Requested size: 252.0pt x 126.00021pt.
<assets/titanic/plots//density.png, id=37, 722.7pt x 361.35pt>
File: assets/titanic/plots//density.png Graphic file (type png)
<use assets/titanic/plots//density.png>
Package pdftex.def Info: assets/titanic/plots//density.png  used on input line 
323.
(pdftex.def)             Requested size: 252.0pt x 126.00021pt.
 [3 <./assets/titanic/plots//hist_fare.png> <./assets/titanic/plots//hist_age.p
ng> <./assets/titanic/plots//gender.png> <./assets/titanic/plots//class.png> <.
/assets/titanic/plots//survival.png>]
<assets/titanic/plots//survival_class.png, id=46, 722.7pt x 361.35pt>
File: assets/titanic/plots//survival_class.png Graphic file (type png)
<use assets/titanic/plots//survival_class.png>
Package pdftex.def Info: assets/titanic/plots//survival_class.png  used on inpu
t line 340.
(pdftex.def)             Requested size: 252.0pt x 126.00021pt.
LaTeX Font Info:    Trying to load font information for TS1+ptm on input line 3
49.

(/usr/share/texlive/texmf-dist/tex/latex/psnfss/ts1ptm.fd
File: ts1ptm.fd 2001/06/04 font definitions for TS1/ptm.
)
<assets/titanic/plots//survival_gender.png, id=47, 722.7pt x 361.35pt>
File: assets/titanic/plots//survival_gender.png Graphic file (type png)
<use assets/titanic/plots//survival_gender.png>
Package pdftex.def Info: assets/titanic/plots//survival_gender.png  used on inp
ut line 361.
(pdftex.def)             Requested size: 252.0pt x 126.00021pt.

Underfull \vbox (badness 10000) has occurred while \output is active []

<assets/titanic/plots//survival_group_age.png, id=48, 722.7pt x 361.35pt>
File: assets/titanic/plots//survival_group_age.png Graphic file (type png)
<use assets/titanic/plots//survival_group_age.png>
Package pdftex.def Info: assets/titanic/plots//survival_group_age.png  used on 
input line 374.
(pdftex.def)             Requested size: 252.0pt x 126.00021pt.
<assets/titanic/plots//boxplot.png, id=49, 722.7pt x 361.35pt>
File: assets/titanic/plots//boxplot.png Graphic file (type png)
<use assets/titanic/plots//boxplot.png>
Package pdftex.def Info: assets/titanic/plots//boxplot.png  used on input line 
392.
(pdftex.def)             Requested size: 252.0pt x 126.00021pt.
 [4 <./assets/titanic/plots//density.png> <./assets/titanic/plots//survival_cla
ss.png> <./assets/titanic/plots//survival_gender.png> <./assets/titanic/plots//
survival_group_age.png> <./assets/titanic/plots//boxplot.png>]
<assets/titanic/tables//table_3_8_2.png, id=58, 318.18875pt x 201.75375pt>
File: assets/titanic/tables//table_3_8_2.png Graphic file (type png)
<use assets/titanic/tables//table_3_8_2.png>
Package pdftex.def Info: assets/titanic/tables//table_3_8_2.png  used on input 
line 403.
(pdftex.def)             Requested size: 138.60077pt x 87.88223pt.
<assets/titanic/tables//table_3_8_3.png, id=59, 355.3275pt x 202.7575pt>
File: assets/titanic/tables//table_3_8_3.png Graphic file (type png)
<use assets/titanic/tables//table_3_8_3.png>
Package pdftex.def Info: assets/titanic/tables//table_3_8_3.png  used on input 
line 410.
(pdftex.def)             Requested size: 151.20154pt x 86.28062pt.
<assets/titanic/plots//scatter_pearson.png, id=60, 722.7pt x 361.35pt>
File: assets/titanic/plots//scatter_pearson.png Graphic file (type png)
<use assets/titanic/plots//scatter_pearson.png>
Package pdftex.def Info: assets/titanic/plots//scatter_pearson.png  used on inp
ut line 428.
(pdftex.def)             Requested size: 252.0pt x 126.00021pt.
<assets/titanic/plots//matriz_correlacao.png, id=61, 289.08pt x 216.81pt>
File: assets/titanic/plots//matriz_correlacao.png Graphic file (type png)
<use assets/titanic/plots//matriz_correlacao.png>
Package pdftex.def Info: assets/titanic/plots//matriz_correlacao.png  used on i
nput line 436.
(pdftex.def)             Requested size: 252.0pt x 189.0003pt.

Underfull \vbox (badness 5091) has occurred while \output is active []

LaTeX Font Info:    Trying to load font information for T1+pcr on input line 44
2.

(/usr/share/texlive/texmf-dist/tex/latex/psnfss/t1pcr.fd
File: t1pcr.fd 2001/06/04 font definitions for T1/pcr.
)
Underfull \hbox (badness 4366) in paragraph at lines 442--449
[]\T1/ptm/m/n/10 O co-e-fi-ci-ente de Pe-ar-son foi cal-cu-lado via fun-çăo
 []

<assets/titanic/tables//table_3_9.png, id=62, 353.32pt x 128.48pt>
File: assets/titanic/tables//table_3_9.png Graphic file (type png)
<use assets/titanic/tables//table_3_9.png>
Package pdftex.def Info: assets/titanic/tables//table_3_9.png  used on input li
ne 452.
(pdftex.def)             Requested size: 151.20154pt x 54.9826pt.
[5 <./assets/titanic/tables//table_3_8_2.png> <./assets/titanic/tables//table_3
_8_3.png> <./assets/titanic/plots//scatter_pearson.png> <./assets/titanic/plots
//matriz_correlacao.png> <./assets/titanic/tables//table_3_9.png>]

** Conference Paper **
Before submitting the final camera ready copy, remember to:

 1. Manually equalize the lengths of two columns on the last page
 of your paper;

 2. Ensure that any PostScript and/or PDF output post-processing
 uses only Type 1 fonts and that every step in the generation
 process uses the appropriate paper size.

[6

]
(/home/heitor/Documentos/projetos/MBA/01_estatistica/MBA-01-estatistica-projeto
_final/build/heitor_teixeira-titanic.aux) ) 
Here is how much of TeX's memory you used:
 7289 strings out of 477136
 123428 string characters out of 5813392
 1867388 words of memory out of 6000000
 27465 multiletter control sequences out of 15000+600000
 620324 words of font info for 146 fonts, out of 8000000 for 9000
 430 hyphenation exceptions out of 8191
 67i,8n,77p,408b,343s stack positions out of 10000i,1000n,20000p,200000b,200000s
</usr/share/texlive/texmf-dist/fonts
/type1/public/amsfonts/cm/cmex10.pfb></usr/share/texlive/texmf-dist/fonts/type1
/public/amsfonts/cm/cmmi10.pfb></usr/share/texlive/texmf-dist/fonts/type1/publi
c/amsfonts/cm/cmmi7.pfb></usr/share/texlive/texmf-dist/fonts/type1/public/amsfo
nts/cm/cmmi9.pfb></usr/share/texlive/texmf-dist/fonts/type1/public/amsfonts/cm/
cmr10.pfb></usr/share/texlive/texmf-dist/fonts/type1/public/amsfonts/cm/cmr7.pf
b></usr/share/texlive/texmf-dist/fonts/type1/public/amsfonts/cm/cmr9.pfb></usr/
share/texlive/texmf-dist/fonts/type1/public/amsfonts/cm/cmsy10.pfb></usr/share/
texlive/texmf-dist/fonts/type1/public/amsfonts/cm/cmsy7.pfb></usr/share/texlive
/texmf-dist/fonts/type1/public/cm-super/sfrm1000.pfb></usr/share/texlive/texmf-
dist/fonts/type1/urw/courier/ucrr8a.pfb></usr/share/texlive/texmf-dist/fonts/ty
pe1/urw/times/utmb8a.pfb></usr/share/texlive/texmf-dist/fonts/type1/urw/times/u
tmbi8a.pfb></usr/share/texlive/texmf-dist/fonts/type1/urw/times/utmr8a.pfb></us
r/share/texlive/texmf-dist/fonts/type1/urw/times/utmri8a.pfb>
Output written on /home/heitor/Documentos/projetos/MBA/01_estatistica/MBA-01-es
tatistica-projeto_final/build/heitor_teixeira-titanic.pdf (6 pages, 653180 byte
s).
PDF statistics:
 139 PDF objects out of 1000 (max. 8388607)
 62 compressed objects within 1 object stream
 0 named destinations out of 1000 (max. 500000)
 96 words of extra memory for PDF output out of 10000 (max. 10000000)

